<?xml version="1.0" encoding="UTF-8"?>
<testsuite xmlns:xsi="http://www.w3.org/2001/XMLSchema-instance" xsi:noNamespaceSchemaLocation="https://maven.apache.org/surefire/maven-surefire-plugin/xsd/surefire-test-report.xsd" name="Runners.cucumberDataProvider" time="2.268" tests="2" errors="0" skipped="0" failures="2">
  <properties>
[...]
</properties>
  <testcase name="runCucumberForTestNG" classname="Runners.cucumberDataProvider" time="0.483">
    <failure message="java.lang.ExceptionInInitializerError" type="cucumber.runtime.CucumberException">cucumber.runtime.CucumberException: java.lang.ExceptionInInitializerError
	at Runners.cucumberDataProvider.runCucumberForTestNG(cucumberDataProvider.java:36)
Caused by: java.lang.ExceptionInInitializerError
	at Runners.cucumberDataProvider.runCucumberForTestNG(cucumberDataProvider.java:36)
Caused by: java.lang.reflect.InaccessibleObjectException: Unable to make field private final java.util.Comparator java.util.TreeMap.comparator accessible: module java.base does not "opens java.util" to unnamed module @1d251891
	at Runners.cucumberDataProvider.runCucumberForTestNG(cucumberDataProvider.java:36)
</failure>
  </testcase>
  <testcase name="runCucumberForTestNG" classname="Runners.cucumberDataProvider" time="0">
    <failure message="java.lang.NoClassDefFoundError: Could not initialize class cucumber.deps.com.thoughtworks.xstream.converters.collections.TreeMapConverter" type="cucumber.runtime.CucumberException">cucumber.runtime.CucumberException: java.lang.NoClassDefFoundError: Could not initialize class cucumber.deps.com.thoughtworks.xstream.converters.collections.TreeMapConverter
	at Runners.cucumberDataProvider.runCucumberForTestNG(cucumberDataProvider.java:36)
Caused by: java.lang.NoClassDefFoundError: Could not initialize class cucumber.deps.com.thoughtworks.xstream.converters.collections.TreeMapConverter
	at Runners.cucumberDataProvider.runCucumberForTestNG(cucumberDataProvider.java:36)
</failure>
  </testcase>
</testsuite>