<?xml version="1.0" encoding="UTF-8"?>
<testng-results ignored="0" total="1" passed="1" failed="0" skipped="0">
  <reporter-output>
  </reporter-output>
  <suite started-at="2021-11-09T21:27:38 AEDT" name="Suite" finished-at="2021-11-09T21:28:55 AEDT" duration-ms="77195">
    <groups>
      <group name="cucumber">
        <method signature="AbstractTestNGCucumberTests.runScenario(io.cucumber.testng.PickleWrapper,io.cucumber.testng.FeatureWrapper)[pri:0, instance:Runners.CucumberTestNGRunner@4c1d9d4b]" name="runScenario" class="io.cucumber.testng.AbstractTestNGCucumberTests"/>
      </group> <!-- cucumber -->
    </groups>
    <test started-at="2021-11-09T21:27:38 AEDT" name="Test" finished-at="2021-11-09T21:28:55 AEDT" duration-ms="77195">
      <class name="Runners.CucumberTestNGRunner">
        <test-method is-config="true" signature="setUpClass(org.testng.ITestContext)[pri:0, instance:Runners.CucumberTestNGRunner@4c1d9d4b]" started-at="2021-11-09T21:27:38 AEDT" name="setUpClass" finished-at="2021-11-09T21:27:39 AEDT" duration-ms="756" status="PASS">
          <params>
            <param index="0">
              <value>
                <![CDATA[org.testng.TestRunner@58fb7731]]>
              </value>
            </param>
          </params>
          <reporter-output>
          </reporter-output>
        </test-method> <!-- setUpClass -->
        <test-method signature="runScenario(io.cucumber.testng.PickleWrapper,io.cucumber.testng.FeatureWrapper)[pri:0, instance:Runners.CucumberTestNGRunner@4c1d9d4b]" started-at="2021-11-09T21:27:39 AEDT" name="runScenario" description="Runs Cucumber Scenarios" data-provider="scenarios" finished-at="2021-11-09T21:28:55 AEDT" duration-ms="76211" status="PASS">
          <params>
            <param index="0">
              <value>
                <![CDATA["user should be able to login with valid credentials"]]>
              </value>
            </param>
            <param index="1">
              <value>
                <![CDATA["Optional[Web Login - Automation Practise Website - with valid credentials]"]]>
              </value>
            </param>
          </params>
          <reporter-output>
          </reporter-output>
        </test-method> <!-- runScenario -->
        <test-method is-config="true" signature="tearDownClass()[pri:0, instance:Runners.CucumberTestNGRunner@4c1d9d4b]" started-at="2021-11-09T21:28:55 AEDT" name="tearDownClass" finished-at="2021-11-09T21:28:55 AEDT" duration-ms="173" status="PASS">
          <reporter-output>
          </reporter-output>
        </test-method> <!-- tearDownClass -->
      </class> <!-- Runners.CucumberTestNGRunner -->
    </test> <!-- Test -->
  </suite> <!-- Suite -->
</testng-results>
